<?xml version="1.0" encoding="UTF-8"?>
<!-- Generated by org.testng.reporters.JUnitReportReporter -->
<testsuite hostname="Pratik" failures="0" tests="1" name="com.FlipkartProject_Scripts.Verify_User_is_able_to_Delete_Address_or_not_Test" time="14.312" errors="0" timestamp="2024-07-30T08:20:13 IST" skipped="0">
  <testcase classname="com.FlipkartProject_Scripts.Verify_User_is_able_to_Delete_Address_or_not_Test" name="deleteAddress" time="14.312"/>
  <system-out/>
</testsuite> <!-- com.FlipkartProject_Scripts.Verify_User_is_able_to_Delete_Address_or_not_Test -->
