<?xml version="1.0" encoding="UTF-8"?>
<!-- Generated by org.testng.reporters.JUnitReportReporter -->
<testsuite hostname="Pratik" failures="0" tests="1" name="com.FlipkartProject_Scripts.Verify_User_is_able_to_Add_Address_or_not_Test" time="20.106" errors="0" timestamp="2024-07-31T10:38:16 IST" skipped="0">
  <testcase classname="com.FlipkartProject_Scripts.Verify_User_is_able_to_Add_Address_or_not_Test" name="addAddress" time="20.106"/>
  <system-out/>
</testsuite> <!-- com.FlipkartProject_Scripts.Verify_User_is_able_to_Add_Address_or_not_Test -->
