<?xml version="1.0" encoding="UTF-8"?>
<!-- Generated by org.testng.reporters.JUnitReportReporter -->
<testsuite hostname="Pratik" failures="0" tests="1" name="com.FlipkartProject_Scripts.Verify_User_is_able_to_Delete_Address" time="22.985" errors="0" timestamp="2024-07-29T08:31:08 IST" skipped="0">
  <testcase classname="com.FlipkartProject_Scripts.Verify_User_is_able_to_Delete_Address" name="deleteAddress" time="22.985"/>
  <system-out/>
</testsuite> <!-- com.FlipkartProject_Scripts.Verify_User_is_able_to_Delete_Address -->
